<?xml version="1.0" encoding="UTF-8"?>
<testng-results skipped="0" failed="1" ignored="0" total="3" passed="2">
  <reporter-output>
  </reporter-output>
  <suite name="Default suite" duration-ms="5797" started-at="2020-04-27T06:21:49Z" finished-at="2020-04-27T06:21:55Z">
    <groups>
    </groups>
    <test name="Default test" duration-ms="5797" started-at="2020-04-27T06:21:49Z" finished-at="2020-04-27T06:21:55Z">
      <class name="com.restassured.api.Get.Get_NonBDD_RestAssured">
        <test-method status="PASS" signature="getUser_Non_Bdd_HashMap_QueryParams_Test()[pri:0, instance:com.restassured.api.Get.Get_NonBDD_RestAssured@457e2f02]" name="getUser_Non_Bdd_HashMap_QueryParams_Test" duration-ms="2980" started-at="2020-04-27T06:21:49Z" finished-at="2020-04-27T06:21:52Z">
          <reporter-output>
          </reporter-output>
        </test-method> <!-- getUser_Non_Bdd_HashMap_QueryParams_Test -->
        <test-method status="PASS" signature="getUser_Non_Bdd_Test()[pri:0, instance:com.restassured.api.Get.Get_NonBDD_RestAssured@457e2f02]" name="getUser_Non_Bdd_Test" duration-ms="1213" started-at="2020-04-27T06:21:52Z" finished-at="2020-04-27T06:21:54Z">
          <reporter-output>
          </reporter-output>
        </test-method> <!-- getUser_Non_Bdd_Test -->
        <test-method status="FAIL" signature="getUser_Non_Bdd_WithQueryParams_Test()[pri:0, instance:com.restassured.api.Get.Get_NonBDD_RestAssured@457e2f02]" name="getUser_Non_Bdd_WithQueryParams_Test" duration-ms="1571" started-at="2020-04-27T06:21:54Z" finished-at="2020-04-27T06:21:55Z">
          <exception class="java.lang.AssertionError">
            <message>
              <![CDATA[expected [true] but found [true]]]>
            </message>
            <full-stacktrace>
              <![CDATA[java.lang.AssertionError: expected [true] but found [true]
at org.testng.Assert.fail(Assert.java:96)
at org.testng.Assert.failNotEquals(Assert.java:776)
at org.testng.Assert.assertEqualsImpl(Assert.java:137)
at org.testng.Assert.assertEquals(Assert.java:118)
at org.testng.Assert.assertEquals(Assert.java:442)
at com.restassured.api.Get.Get_NonBDD_RestAssured.getUser_Non_Bdd_WithQueryParams_Test(Get_NonBDD_RestAssured.java:56)
at sun.reflect.NativeMethodAccessorImpl.invoke0(Native Method)
at sun.reflect.NativeMethodAccessorImpl.invoke(Unknown Source)
at sun.reflect.DelegatingMethodAccessorImpl.invoke(Unknown Source)
at java.lang.reflect.Method.invoke(Unknown Source)
at org.testng.internal.MethodInvocationHelper.invokeMethod(MethodInvocationHelper.java:124)
at org.testng.internal.Invoker.invokeMethod(Invoker.java:583)
at org.testng.internal.Invoker.invokeTestMethod(Invoker.java:719)
at org.testng.internal.Invoker.invokeTestMethods(Invoker.java:989)
at org.testng.internal.TestMethodWorker.invokeTestMethods(TestMethodWorker.java:125)
at org.testng.internal.TestMethodWorker.run(TestMethodWorker.java:109)
at org.testng.TestRunner.privateRun(TestRunner.java:648)
at org.testng.TestRunner.run(TestRunner.java:505)
at org.testng.SuiteRunner.runTest(SuiteRunner.java:455)
at org.testng.SuiteRunner.runSequentially(SuiteRunner.java:450)
at org.testng.SuiteRunner.privateRun(SuiteRunner.java:415)
at org.testng.SuiteRunner.run(SuiteRunner.java:364)
at org.testng.SuiteRunnerWorker.runSuite(SuiteRunnerWorker.java:52)
at org.testng.SuiteRunnerWorker.run(SuiteRunnerWorker.java:84)
at org.testng.TestNG.runSuitesSequentially(TestNG.java:1208)
at org.testng.TestNG.runSuitesLocally(TestNG.java:1137)
at org.testng.TestNG.runSuites(TestNG.java:1049)
at org.testng.TestNG.run(TestNG.java:1017)
at org.testng.remote.AbstractRemoteTestNG.run(AbstractRemoteTestNG.java:114)
at org.testng.remote.RemoteTestNG.initAndRun(RemoteTestNG.java:251)
at org.testng.remote.RemoteTestNG.main(RemoteTestNG.java:77)
]]>
            </full-stacktrace>
          </exception> <!-- java.lang.AssertionError -->
          <reporter-output>
          </reporter-output>
        </test-method> <!-- getUser_Non_Bdd_WithQueryParams_Test -->
      </class> <!-- com.restassured.api.Get.Get_NonBDD_RestAssured -->
    </test> <!-- Default test -->
  </suite> <!-- Default suite -->
</testng-results>
